{"total": {"lines":{"total":8,"covered":8,"skipped":0,"pct":100},"statements":{"total":8,"covered":8,"skipped":0,"pct":100},"functions":{"total":2,"covered":2,"skipped":0,"pct":100},"branches":{"total":0,"covered":0,"skipped":0,"pct":100},"branchesTrue":{"total":0,"covered":0,"skipped":0,"pct":"Unknown"}}
,"C:\\Users\\ANIE\\Desktop\\Anie\\webdev\\tutorials\\react-native\\eTrade2\\cypress\\e2e\\stubbing.cy.js": {"lines":{"total":8,"covered":8,"skipped":0,"pct":100},"functions":{"total":2,"covered":2,"skipped":0,"pct":100},"statements":{"total":8,"covered":8,"skipped":0,"pct":100},"branches":{"total":0,"covered":0,"skipped":0,"pct":100}}
}
